<?xml version="1.0" encoding="UTF-8"?>
<testng-results skipped="0" failed="0" ignored="0" total="1" passed="1">
  <reporter-output>
  </reporter-output>
  <suite name="Default suite" duration-ms="12849" started-at="2020-10-03T01:54:00Z" finished-at="2020-10-03T01:54:13Z">
    <groups>
    </groups>
    <test name="Default test" duration-ms="12849" started-at="2020-10-03T01:54:00Z" finished-at="2020-10-03T01:54:13Z">
      <class name="edureka.devops.LoginEdureka">
        <test-method status="PASS" signature="login()[pri:0, instance:edureka.devops.LoginEdureka@2aece37d]" name="login" duration-ms="12762" started-at="2020-10-03T01:54:01Z" finished-at="2020-10-03T01:54:13Z">
          <reporter-output>
          </reporter-output>
        </test-method> <!-- login -->
      </class> <!-- edureka.devops.LoginEdureka -->
    </test> <!-- Default test -->
  </suite> <!-- Default suite -->
</testng-results>
